{"C:\\Кодинг\\stellar-burgers\\stellar-burgers\\src\\services\\store.ts": {"path":"C:\\Кодинг\\stellar-burgers\\stellar-burgers\\src\\services\\store.ts","statementMap":{"0":{"start":{"line":1,"column":0},"end":{"line":1,"column":67}},"1":{"start":{"line":2,"column":0},"end":{"line":2,"column":null}},"2":{"start":{"line":7,"column":0},"end":{"line":7,"column":62}},"3":{"start":{"line":8,"column":0},"end":{"line":8,"column":73}},"4":{"start":{"line":9,"column":0},"end":{"line":9,"column":51}},"5":{"start":{"line":10,"column":0},"end":{"line":10,"column":49}},"6":{"start":{"line":12,"column":13},"end":{"line":17,"column":3}},"7":{"start":{"line":19,"column":13},"end":{"line":23,"column":3}},"8":{"start":{"line":22,"column":40},"end":{"line":22,"column":null}},"9":{"start":{"line":28,"column":46},"end":{"line":28,"column":64}},"10":{"start":{"line":28,"column":52},"end":{"line":28,"column":67}},"11":{"start":{"line":28,"column":13},"end":{"line":28,"column":46}},"12":{"start":{"line":29,"column":13},"end":{"line":29,"column":73}},"13":{"start":{"line":30,"column":30},"end":{"line":30,"column":47}},"14":{"start":{"line":30,"column":36},"end":{"line":30,"column":50}},"15":{"start":{"line":30,"column":13},"end":{"line":30,"column":30}},"16":{"start":{"line":32,"column":0},"end":{"line":32,"column":21}}},"fnMap":{"0":{"name":"(anonymous_0)","decl":{"start":{"line":22,"column":14},"end":{"line":22,"column":15}},"loc":{"start":{"line":22,"column":35},"end":{"line":22,"column":60}}},"1":{"name":"(anonymous_1)","decl":{"start":{"line":28,"column":46},"end":{"line":28,"column":52}},"loc":{"start":{"line":28,"column":46},"end":{"line":28,"column":64}}},"2":{"name":"(anonymous_2)","decl":{"start":{"line":30,"column":30},"end":{"line":30,"column":36}},"loc":{"start":{"line":30,"column":30},"end":{"line":30,"column":47}}}},"branchMap":{},"s":{"0":1,"1":1,"2":1,"3":1,"4":1,"5":1,"6":1,"7":1,"8":1,"9":1,"10":0,"11":1,"12":1,"13":1,"14":0,"15":1,"16":1},"f":{"0":1,"1":0,"2":0},"b":{}}
,"C:\\Кодинг\\stellar-burgers\\stellar-burgers\\src\\services\\slices\\constructorItemsSlice.ts": {"path":"C:\\Кодинг\\stellar-burgers\\stellar-burgers\\src\\services\\slices\\constructorItemsSlice.ts","statementMap":{"0":{"start":{"line":1,"column":0},"end":{"line":1,"column":70}},"1":{"start":{"line":9,"column":13},"end":{"line":12,"column":2}},"2":{"start":{"line":14,"column":13},"end":{"line":54,"column":3}},"3":{"start":{"line":20,"column":27},"end":{"line":20,"column":41}},"4":{"start":{"line":21,"column":8},"end":{"line":25,"column":9}},"5":{"start":{"line":22,"column":10},"end":{"line":22,"column":33}},"6":{"start":{"line":24,"column":10},"end":{"line":24,"column":45}},"7":{"start":{"line":27,"column":44},"end":{"line":32,"column":null}},"8":{"start":{"line":35,"column":6},"end":{"line":37,"column":null}},"9":{"start":{"line":36,"column":18},"end":{"line":36,"column":null}},"10":{"start":{"line":42,"column":37},"end":{"line":42,"column":51}},"11":{"start":{"line":42,"column":23},"end":{"line":42,"column":25}},"12":{"start":{"line":42,"column":32},"end":{"line":42,"column":37}},"13":{"start":{"line":43,"column":26},"end":{"line":43,"column":65}},"14":{"start":{"line":44,"column":6},"end":{"line":44,"column":54}},"15":{"start":{"line":47,"column":6},"end":{"line":47,"column":23}},"16":{"start":{"line":48,"column":6},"end":{"line":48,"column":29}},"17":{"start":{"line":52,"column":39},"end":{"line":52,"column":null}},"18":{"start":{"line":57,"column":2},"end":{"line":60,"column":null}},"19":{"start":{"line":63,"column":13},"end":{"line":63,"column":69}},"20":{"start":{"line":64,"column":15},"end":{"line":64,"column":74}}},"fnMap":{"0":{"name":"(anonymous_2)","decl":{"start":{"line":19,"column":15},"end":{"line":19,"column":16}},"loc":{"start":{"line":19,"column":68},"end":{"line":26,"column":7}}},"1":{"name":"(anonymous_3)","decl":{"start":{"line":27,"column":15},"end":{"line":27,"column":16}},"loc":{"start":{"line":27,"column":39},"end":{"line":27,"column":45}}},"2":{"name":"(anonymous_4)","decl":{"start":{"line":34,"column":22},"end":{"line":34,"column":23}},"loc":{"start":{"line":34,"column":59},"end":{"line":35,"column":11}}},"3":{"name":"(anonymous_5)","decl":{"start":{"line":36,"column":8},"end":{"line":36,"column":9}},"loc":{"start":{"line":36,"column":13},"end":{"line":36,"column":22}}},"4":{"name":"(anonymous_6)","decl":{"start":{"line":38,"column":20},"end":{"line":38,"column":null}},"loc":{"start":{"line":40,"column":67},"end":{"line":45,"column":5}}},"5":{"name":"(anonymous_7)","decl":{"start":{"line":46,"column":22},"end":{"line":46,"column":23}},"loc":{"start":{"line":46,"column":28},"end":{"line":49,"column":5}}},"6":{"name":"(anonymous_8)","decl":{"start":{"line":52,"column":28},"end":{"line":52,"column":29}},"loc":{"start":{"line":52,"column":34},"end":{"line":52,"column":44}}}},"branchMap":{"0":{"loc":{"start":{"line":21,"column":8},"end":{"line":25,"column":9}},"type":"if","locations":[{"start":{"line":21,"column":8},"end":{"line":25,"column":9}},{"start":{"line":23,"column":15},"end":{"line":25,"column":9}}]}},"s":{"0":2,"1":2,"2":2,"3":2,"4":2,"5":1,"6":1,"7":2,"8":2,"9":3,"10":2,"11":2,"12":2,"13":2,"14":2,"15":0,"16":0,"17":0,"18":2,"19":2,"20":2},"f":{"0":2,"1":2,"2":2,"3":3,"4":2,"5":0,"6":0},"b":{"0":[1,1]}}
,"C:\\Кодинг\\stellar-burgers\\stellar-burgers\\src\\services\\slices\\ingredientSlice.ts": {"path":"C:\\Кодинг\\stellar-burgers\\stellar-burgers\\src\\services\\slices\\ingredientSlice.ts","statementMap":{"0":{"start":{"line":1,"column":0},"end":{"line":1,"column":41}},"1":{"start":{"line":2,"column":0},"end":{"line":2,"column":65}},"2":{"start":{"line":5,"column":13},"end":{"line":9,"column":2}},"3":{"start":{"line":11,"column":13},"end":{"line":14,"column":2}},"4":{"start":{"line":16,"column":13},"end":{"line":40,"column":3}},"5":{"start":{"line":20,"column":34},"end":{"line":20,"column":null}},"6":{"start":{"line":21,"column":41},"end":{"line":21,"column":null}},"7":{"start":{"line":22,"column":39},"end":{"line":22,"column":null}},"8":{"start":{"line":26,"column":4},"end":{"line":38,"column":9}},"9":{"start":{"line":28,"column":8},"end":{"line":28,"column":31}},"10":{"start":{"line":29,"column":8},"end":{"line":29,"column":27}},"11":{"start":{"line":32,"column":8},"end":{"line":32,"column":37}},"12":{"start":{"line":33,"column":8},"end":{"line":33,"column":32}},"13":{"start":{"line":36,"column":8},"end":{"line":36,"column":77}},"14":{"start":{"line":37,"column":8},"end":{"line":37,"column":32}},"15":{"start":{"line":43,"column":2},"end":{"line":45,"column":null}},"16":{"start":{"line":48,"column":13},"end":{"line":48,"column":59}}},"fnMap":{"0":{"name":"(anonymous_0)","decl":{"start":{"line":20,"column":23},"end":{"line":20,"column":24}},"loc":{"start":{"line":20,"column":29},"end":{"line":20,"column":39}}},"1":{"name":"(anonymous_1)","decl":{"start":{"line":21,"column":30},"end":{"line":21,"column":31}},"loc":{"start":{"line":21,"column":36},"end":{"line":21,"column":46}}},"2":{"name":"(anonymous_2)","decl":{"start":{"line":22,"column":28},"end":{"line":22,"column":29}},"loc":{"start":{"line":22,"column":34},"end":{"line":22,"column":44}}},"3":{"name":"(anonymous_3)","decl":{"start":{"line":25,"column":17},"end":{"line":25,"column":18}},"loc":{"start":{"line":25,"column":25},"end":{"line":39,"column":3}}},"4":{"name":"(anonymous_4)","decl":{"start":{"line":27,"column":41},"end":{"line":27,"column":42}},"loc":{"start":{"line":27,"column":47},"end":{"line":30,"column":7}}},"5":{"name":"(anonymous_5)","decl":{"start":{"line":31,"column":43},"end":{"line":31,"column":44}},"loc":{"start":{"line":31,"column":57},"end":{"line":34,"column":7}}},"6":{"name":"(anonymous_6)","decl":{"start":{"line":35,"column":42},"end":{"line":35,"column":43}},"loc":{"start":{"line":35,"column":56},"end":{"line":38,"column":7}}}},"branchMap":{"0":{"loc":{"start":{"line":36,"column":22},"end":{"line":36,"column":76}},"type":"binary-expr","locations":[{"start":{"line":36,"column":22},"end":{"line":36,"column":42}},{"start":{"line":36,"column":46},"end":{"line":36,"column":76}}]}},"s":{"0":2,"1":2,"2":2,"3":2,"4":2,"5":0,"6":0,"7":0,"8":2,"9":1,"10":1,"11":1,"12":1,"13":1,"14":1,"15":2,"16":2},"f":{"0":0,"1":0,"2":0,"3":2,"4":1,"5":1,"6":1},"b":{"0":[1,0]}}
,"C:\\Кодинг\\stellar-burgers\\stellar-burgers\\src\\services\\slices\\orderSlice.ts": {"path":"C:\\Кодинг\\stellar-burgers\\stellar-burgers\\src\\services\\slices\\orderSlice.ts","statementMap":{"0":{"start":{"line":1,"column":0},"end":{"line":1,"column":null}},"1":{"start":{"line":7,"column":0},"end":{"line":7,"column":80}},"2":{"start":{"line":10,"column":13},"end":{"line":25,"column":2}},"3":{"start":{"line":28,"column":13},"end":{"line":42,"column":2}},"4":{"start":{"line":30,"column":2},"end":{"line":41,"column":null}},"5":{"start":{"line":30,"column":49},"end":{"line":30,"column":51}},"6":{"start":{"line":32,"column":23},"end":{"line":32,"column":null}},"7":{"start":{"line":32,"column":12},"end":{"line":32,"column":null}},"8":{"start":{"line":33,"column":6},"end":{"line":33,"column":28}},"9":{"start":{"line":35,"column":6},"end":{"line":39,"column":8}},"10":{"start":{"line":45,"column":13},"end":{"line":59,"column":2}},"11":{"start":{"line":47,"column":2},"end":{"line":58,"column":null}},"12":{"start":{"line":47,"column":29},"end":{"line":47,"column":31}},"13":{"start":{"line":49,"column":21},"end":{"line":49,"column":null}},"14":{"start":{"line":49,"column":12},"end":{"line":49,"column":null}},"15":{"start":{"line":50,"column":6},"end":{"line":50,"column":20}},"16":{"start":{"line":52,"column":6},"end":{"line":56,"column":8}},"17":{"start":{"line":62,"column":13},"end":{"line":74,"column":2}},"18":{"start":{"line":64,"column":2},"end":{"line":73,"column":null}},"19":{"start":{"line":64,"column":42},"end":{"line":64,"column":44}},"20":{"start":{"line":66,"column":23},"end":{"line":66,"column":null}},"21":{"start":{"line":66,"column":12},"end":{"line":66,"column":null}},"22":{"start":{"line":67,"column":6},"end":{"line":67,"column":32}},"23":{"start":{"line":69,"column":6},"end":{"line":71,"column":8}},"24":{"start":{"line":77,"column":13},"end":{"line":89,"column":2}},"25":{"start":{"line":79,"column":2},"end":{"line":88,"column":null}},"26":{"start":{"line":79,"column":29},"end":{"line":79,"column":31}},"27":{"start":{"line":81,"column":23},"end":{"line":81,"column":null}},"28":{"start":{"line":81,"column":12},"end":{"line":81,"column":null}},"29":{"start":{"line":82,"column":6},"end":{"line":82,"column":22}},"30":{"start":{"line":84,"column":6},"end":{"line":86,"column":8}},"31":{"start":{"line":91,"column":13},"end":{"line":177,"column":3}},"32":{"start":{"line":95,"column":33},"end":{"line":95,"column":null}},"33":{"start":{"line":96,"column":28},"end":{"line":96,"column":null}},"34":{"start":{"line":97,"column":33},"end":{"line":97,"column":null}},"35":{"start":{"line":98,"column":33},"end":{"line":98,"column":null}},"36":{"start":{"line":99,"column":35},"end":{"line":99,"column":null}},"37":{"start":{"line":100,"column":35},"end":{"line":100,"column":null}},"38":{"start":{"line":101,"column":32},"end":{"line":101,"column":null}},"39":{"start":{"line":102,"column":32},"end":{"line":102,"column":null}},"40":{"start":{"line":103,"column":32},"end":{"line":110,"column":null}},"41":{"start":{"line":117,"column":6},"end":{"line":121,"column":7}},"42":{"start":{"line":118,"column":8},"end":{"line":118,"column":47}},"43":{"start":{"line":120,"column":8},"end":{"line":120,"column":47}},"44":{"start":{"line":124,"column":6},"end":{"line":124,"column":32}},"45":{"start":{"line":126,"column":27},"end":{"line":126,"column":null}},"46":{"start":{"line":129,"column":4},"end":{"line":175,"column":9}},"47":{"start":{"line":131,"column":8},"end":{"line":131,"column":34}},"48":{"start":{"line":132,"column":8},"end":{"line":132,"column":27}},"49":{"start":{"line":135,"column":8},"end":{"line":135,"column":35}},"50":{"start":{"line":136,"column":8},"end":{"line":136,"column":36}},"51":{"start":{"line":137,"column":8},"end":{"line":137,"column":41}},"52":{"start":{"line":138,"column":8},"end":{"line":138,"column":44}},"53":{"start":{"line":141,"column":8},"end":{"line":141,"column":35}},"54":{"start":{"line":142,"column":8},"end":{"line":142,"column":47}},"55":{"start":{"line":146,"column":8},"end":{"line":146,"column":31}},"56":{"start":{"line":149,"column":8},"end":{"line":149,"column":56}},"57":{"start":{"line":150,"column":8},"end":{"line":150,"column":54}},"58":{"start":{"line":151,"column":8},"end":{"line":151,"column":64}},"59":{"start":{"line":152,"column":8},"end":{"line":152,"column":31}},"60":{"start":{"line":155,"column":8},"end":{"line":155,"column":51}},"61":{"start":{"line":160,"column":8},"end":{"line":160,"column":27}},"62":{"start":{"line":163,"column":8},"end":{"line":163,"column":56}},"63":{"start":{"line":164,"column":8},"end":{"line":164,"column":54}},"64":{"start":{"line":165,"column":8},"end":{"line":165,"column":64}},"65":{"start":{"line":168,"column":8},"end":{"line":168,"column":47}},"66":{"start":{"line":171,"column":8},"end":{"line":171,"column":34}},"67":{"start":{"line":174,"column":8},"end":{"line":174,"column":44}},"68":{"start":{"line":179,"column":15},"end":{"line":179,"column":null}},"69":{"start":{"line":182,"column":13},"end":{"line":182,"column":47}},"70":{"start":{"line":184,"column":2},"end":{"line":192,"column":null}}},"fnMap":{"0":{"name":"(anonymous_13)","decl":{"start":{"line":30,"column":2},"end":{"line":30,"column":9}},"loc":{"start":{"line":30,"column":2},"end":{"line":41,"column":null}}},"1":{"name":"(anonymous_16)","decl":{"start":{"line":47,"column":2},"end":{"line":47,"column":9}},"loc":{"start":{"line":47,"column":2},"end":{"line":58,"column":null}}},"2":{"name":"(anonymous_19)","decl":{"start":{"line":64,"column":2},"end":{"line":64,"column":9}},"loc":{"start":{"line":64,"column":2},"end":{"line":73,"column":null}}},"3":{"name":"(anonymous_22)","decl":{"start":{"line":79,"column":2},"end":{"line":79,"column":9}},"loc":{"start":{"line":79,"column":2},"end":{"line":88,"column":null}}},"4":{"name":"(anonymous_25)","decl":{"start":{"line":95,"column":22},"end":{"line":95,"column":23}},"loc":{"start":{"line":95,"column":28},"end":{"line":95,"column":38}}},"5":{"name":"(anonymous_26)","decl":{"start":{"line":96,"column":17},"end":{"line":96,"column":18}},"loc":{"start":{"line":96,"column":23},"end":{"line":96,"column":33}}},"6":{"name":"(anonymous_27)","decl":{"start":{"line":97,"column":22},"end":{"line":97,"column":23}},"loc":{"start":{"line":97,"column":28},"end":{"line":97,"column":38}}},"7":{"name":"(anonymous_28)","decl":{"start":{"line":98,"column":22},"end":{"line":98,"column":23}},"loc":{"start":{"line":98,"column":28},"end":{"line":98,"column":38}}},"8":{"name":"(anonymous_29)","decl":{"start":{"line":99,"column":24},"end":{"line":99,"column":25}},"loc":{"start":{"line":99,"column":30},"end":{"line":99,"column":40}}},"9":{"name":"(anonymous_30)","decl":{"start":{"line":100,"column":24},"end":{"line":100,"column":25}},"loc":{"start":{"line":100,"column":30},"end":{"line":100,"column":40}}},"10":{"name":"(anonymous_31)","decl":{"start":{"line":101,"column":21},"end":{"line":101,"column":22}},"loc":{"start":{"line":101,"column":27},"end":{"line":101,"column":37}}},"11":{"name":"(anonymous_32)","decl":{"start":{"line":102,"column":21},"end":{"line":102,"column":22}},"loc":{"start":{"line":102,"column":27},"end":{"line":102,"column":37}}},"12":{"name":"(anonymous_33)","decl":{"start":{"line":103,"column":21},"end":{"line":103,"column":22}},"loc":{"start":{"line":103,"column":27},"end":{"line":103,"column":33}}},"13":{"name":"(anonymous_34)","decl":{"start":{"line":113,"column":23},"end":{"line":113,"column":null}},"loc":{"start":{"line":115,"column":73},"end":{"line":122,"column":5}}},"14":{"name":"(anonymous_35)","decl":{"start":{"line":123,"column":23},"end":{"line":123,"column":24}},"loc":{"start":{"line":123,"column":29},"end":{"line":125,"column":5}}},"15":{"name":"(anonymous_36)","decl":{"start":{"line":126,"column":21},"end":{"line":126,"column":27}},"loc":{"start":{"line":126,"column":21},"end":{"line":126,"column":39}}},"16":{"name":"(anonymous_37)","decl":{"start":{"line":128,"column":17},"end":{"line":128,"column":18}},"loc":{"start":{"line":128,"column":25},"end":{"line":176,"column":3}}},"17":{"name":"(anonymous_38)","decl":{"start":{"line":130,"column":36},"end":{"line":130,"column":37}},"loc":{"start":{"line":130,"column":42},"end":{"line":133,"column":7}}},"18":{"name":"(anonymous_39)","decl":{"start":{"line":134,"column":38},"end":{"line":134,"column":39}},"loc":{"start":{"line":134,"column":52},"end":{"line":139,"column":7}}},"19":{"name":"(anonymous_40)","decl":{"start":{"line":140,"column":37},"end":{"line":140,"column":38}},"loc":{"start":{"line":140,"column":51},"end":{"line":143,"column":7}}},"20":{"name":"(anonymous_41)","decl":{"start":{"line":145,"column":39},"end":{"line":145,"column":40}},"loc":{"start":{"line":145,"column":45},"end":{"line":147,"column":7}}},"21":{"name":"(anonymous_42)","decl":{"start":{"line":148,"column":41},"end":{"line":148,"column":42}},"loc":{"start":{"line":148,"column":55},"end":{"line":153,"column":7}}},"22":{"name":"(anonymous_43)","decl":{"start":{"line":154,"column":40},"end":{"line":154,"column":41}},"loc":{"start":{"line":154,"column":54},"end":{"line":156,"column":7}}},"23":{"name":"(anonymous_44)","decl":{"start":{"line":159,"column":36},"end":{"line":159,"column":37}},"loc":{"start":{"line":159,"column":42},"end":{"line":161,"column":7}}},"24":{"name":"(anonymous_45)","decl":{"start":{"line":162,"column":38},"end":{"line":162,"column":39}},"loc":{"start":{"line":162,"column":52},"end":{"line":166,"column":7}}},"25":{"name":"(anonymous_46)","decl":{"start":{"line":167,"column":37},"end":{"line":167,"column":38}},"loc":{"start":{"line":167,"column":51},"end":{"line":169,"column":7}}},"26":{"name":"(anonymous_47)","decl":{"start":{"line":170,"column":43},"end":{"line":170,"column":44}},"loc":{"start":{"line":170,"column":49},"end":{"line":172,"column":7}}},"27":{"name":"(anonymous_48)","decl":{"start":{"line":173,"column":45},"end":{"line":173,"column":46}},"loc":{"start":{"line":173,"column":59},"end":{"line":175,"column":7}}}},"branchMap":{"0":{"loc":{"start":{"line":36,"column":8},"end":{"line":38,"column":53}},"type":"cond-expr","locations":[{"start":{"line":37,"column":12},"end":{"line":37,"column":25}},{"start":{"line":38,"column":12},"end":{"line":38,"column":53}}]},"1":{"loc":{"start":{"line":53,"column":8},"end":{"line":55,"column":47}},"type":"cond-expr","locations":[{"start":{"line":54,"column":12},"end":{"line":54,"column":25}},{"start":{"line":55,"column":12},"end":{"line":55,"column":47}}]},"2":{"loc":{"start":{"line":70,"column":8},"end":{"line":70,"column":77}},"type":"cond-expr","locations":[{"start":{"line":70,"column":33},"end":{"line":70,"column":46}},{"start":{"line":70,"column":49},"end":{"line":70,"column":77}}]},"3":{"loc":{"start":{"line":85,"column":8},"end":{"line":85,"column":80}},"type":"cond-expr","locations":[{"start":{"line":85,"column":33},"end":{"line":85,"column":46}},{"start":{"line":85,"column":49},"end":{"line":85,"column":80}}]},"4":{"loc":{"start":{"line":117,"column":6},"end":{"line":121,"column":7}},"type":"if","locations":[{"start":{"line":117,"column":6},"end":{"line":121,"column":7}},{"start":{"line":119,"column":13},"end":{"line":121,"column":7}}]}},"s":{"0":2,"1":2,"2":2,"3":2,"4":0,"5":0,"6":0,"7":0,"8":0,"9":0,"10":2,"11":0,"12":0,"13":0,"14":0,"15":0,"16":0,"17":2,"18":0,"19":0,"20":0,"21":0,"22":0,"23":0,"24":2,"25":0,"26":0,"27":0,"28":0,"29":0,"30":0,"31":2,"32":0,"33":0,"34":0,"35":0,"36":0,"37":0,"38":0,"39":0,"40":0,"41":2,"42":1,"43":1,"44":1,"45":1,"46":2,"47":1,"48":1,"49":1,"50":1,"51":1,"52":1,"53":1,"54":1,"55":0,"56":1,"57":1,"58":1,"59":1,"60":1,"61":0,"62":1,"63":1,"64":1,"65":1,"66":1,"67":1,"68":2,"69":2,"70":2},"f":{"0":0,"1":0,"2":0,"3":0,"4":0,"5":0,"6":0,"7":0,"8":0,"9":0,"10":0,"11":0,"12":0,"13":2,"14":1,"15":1,"16":2,"17":1,"18":1,"19":1,"20":0,"21":1,"22":1,"23":0,"24":1,"25":1,"26":1,"27":1},"b":{"0":[0,0],"1":[0,0],"2":[0,0],"3":[0,0],"4":[1,1]}}
,"C:\\Кодинг\\stellar-burgers\\stellar-burgers\\src\\services\\slices\\userSlice.ts": {"path":"C:\\Кодинг\\stellar-burgers\\stellar-burgers\\src\\services\\slices\\userSlice.ts","statementMap":{"0":{"start":{"line":1,"column":0},"end":{"line":1,"column":65}},"1":{"start":{"line":2,"column":0},"end":{"line":2,"column":null}},"2":{"start":{"line":12,"column":0},"end":{"line":12,"column":47}},"3":{"start":{"line":22,"column":13},"end":{"line":27,"column":2}},"4":{"start":{"line":29,"column":13},"end":{"line":43,"column":2}},"5":{"start":{"line":31,"column":2},"end":{"line":42,"column":null}},"6":{"start":{"line":31,"column":51},"end":{"line":31,"column":53}},"7":{"start":{"line":33,"column":23},"end":{"line":33,"column":null}},"8":{"start":{"line":33,"column":12},"end":{"line":33,"column":null}},"9":{"start":{"line":34,"column":6},"end":{"line":34,"column":53}},"10":{"start":{"line":35,"column":6},"end":{"line":35,"column":66}},"11":{"start":{"line":36,"column":6},"end":{"line":36,"column":27}},"12":{"start":{"line":38,"column":6},"end":{"line":40,"column":8}},"13":{"start":{"line":46,"column":13},"end":{"line":60,"column":2}},"14":{"start":{"line":48,"column":2},"end":{"line":59,"column":null}},"15":{"start":{"line":48,"column":49},"end":{"line":48,"column":51}},"16":{"start":{"line":50,"column":23},"end":{"line":50,"column":null}},"17":{"start":{"line":50,"column":12},"end":{"line":50,"column":null}},"18":{"start":{"line":51,"column":6},"end":{"line":51,"column":53}},"19":{"start":{"line":52,"column":6},"end":{"line":52,"column":66}},"20":{"start":{"line":53,"column":6},"end":{"line":53,"column":27}},"21":{"start":{"line":55,"column":6},"end":{"line":57,"column":8}},"22":{"start":{"line":63,"column":13},"end":{"line":88,"column":2}},"23":{"start":{"line":65,"column":2},"end":{"line":87,"column":null}},"24":{"start":{"line":65,"column":29},"end":{"line":65,"column":31}},"25":{"start":{"line":65,"column":39},"end":{"line":65,"column":41}},"26":{"start":{"line":67,"column":23},"end":{"line":67,"column":null}},"27":{"start":{"line":67,"column":12},"end":{"line":67,"column":null}},"28":{"start":{"line":68,"column":6},"end":{"line":68,"column":27}},"29":{"start":{"line":70,"column":11},"end":{"line":70,"column":57}},"30":{"start":{"line":70,"column":10},"end":{"line":70,"column":11}},"31":{"start":{"line":72,"column":30},"end":{"line":72,"column":null}},"32":{"start":{"line":72,"column":16},"end":{"line":72,"column":null}},"33":{"start":{"line":73,"column":10},"end":{"line":73,"column":60}},"34":{"start":{"line":74,"column":10},"end":{"line":74,"column":73}},"35":{"start":{"line":76,"column":30},"end":{"line":76,"column":null}},"36":{"start":{"line":76,"column":16},"end":{"line":76,"column":null}},"37":{"start":{"line":77,"column":10},"end":{"line":77,"column":34}},"38":{"start":{"line":79,"column":10},"end":{"line":79,"column":29}},"39":{"start":{"line":80,"column":10},"end":{"line":80,"column":66}},"40":{"start":{"line":83,"column":6},"end":{"line":85,"column":8}},"41":{"start":{"line":91,"column":13},"end":{"line":106,"column":2}},"42":{"start":{"line":93,"column":2},"end":{"line":105,"column":null}},"43":{"start":{"line":95,"column":21},"end":{"line":95,"column":23}},"44":{"start":{"line":98,"column":23},"end":{"line":98,"column":null}},"45":{"start":{"line":98,"column":12},"end":{"line":98,"column":null}},"46":{"start":{"line":99,"column":6},"end":{"line":99,"column":27}},"47":{"start":{"line":101,"column":6},"end":{"line":103,"column":8}},"48":{"start":{"line":110,"column":13},"end":{"line":124,"column":2}},"49":{"start":{"line":112,"column":2},"end":{"line":123,"column":null}},"50":{"start":{"line":112,"column":29},"end":{"line":112,"column":31}},"51":{"start":{"line":114,"column":6},"end":{"line":114,"column":24}},"52":{"start":{"line":115,"column":6},"end":{"line":115,"column":46}},"53":{"start":{"line":116,"column":6},"end":{"line":116,"column":59}},"54":{"start":{"line":117,"column":6},"end":{"line":117,"column":18}},"55":{"start":{"line":119,"column":6},"end":{"line":121,"column":8}},"56":{"start":{"line":126,"column":13},"end":{"line":217,"column":3}},"57":{"start":{"line":131,"column":6},"end":{"line":131,"column":26}},"58":{"start":{"line":134,"column":6},"end":{"line":134,"column":24}},"59":{"start":{"line":135,"column":6},"end":{"line":135,"column":30}},"60":{"start":{"line":136,"column":6},"end":{"line":136,"column":25}},"61":{"start":{"line":141,"column":4},"end":{"line":144,"column":7}},"62":{"start":{"line":142,"column":6},"end":{"line":142,"column":29}},"63":{"start":{"line":143,"column":6},"end":{"line":143,"column":25}},"64":{"start":{"line":145,"column":4},"end":{"line":149,"column":7}},"65":{"start":{"line":146,"column":6},"end":{"line":146,"column":30}},"66":{"start":{"line":147,"column":6},"end":{"line":147,"column":26}},"67":{"start":{"line":148,"column":6},"end":{"line":148,"column":45}},"68":{"start":{"line":150,"column":4},"end":{"line":154,"column":7}},"69":{"start":{"line":151,"column":6},"end":{"line":151,"column":30}},"70":{"start":{"line":152,"column":6},"end":{"line":152,"column":26}},"71":{"start":{"line":153,"column":6},"end":{"line":153,"column":34}},"72":{"start":{"line":157,"column":4},"end":{"line":160,"column":7}},"73":{"start":{"line":158,"column":6},"end":{"line":158,"column":29}},"74":{"start":{"line":159,"column":6},"end":{"line":159,"column":25}},"75":{"start":{"line":161,"column":4},"end":{"line":165,"column":7}},"76":{"start":{"line":162,"column":6},"end":{"line":162,"column":30}},"77":{"start":{"line":163,"column":6},"end":{"line":163,"column":34}},"78":{"start":{"line":164,"column":6},"end":{"line":164,"column":25}},"79":{"start":{"line":166,"column":4},"end":{"line":169,"column":7}},"80":{"start":{"line":167,"column":6},"end":{"line":167,"column":30}},"81":{"start":{"line":168,"column":6},"end":{"line":168,"column":59}},"82":{"start":{"line":172,"column":4},"end":{"line":175,"column":7}},"83":{"start":{"line":173,"column":6},"end":{"line":173,"column":29}},"84":{"start":{"line":174,"column":6},"end":{"line":174,"column":25}},"85":{"start":{"line":176,"column":4},"end":{"line":180,"column":7}},"86":{"start":{"line":177,"column":6},"end":{"line":177,"column":30}},"87":{"start":{"line":178,"column":6},"end":{"line":178,"column":24}},"88":{"start":{"line":179,"column":6},"end":{"line":179,"column":25}},"89":{"start":{"line":181,"column":4},"end":{"line":184,"column":7}},"90":{"start":{"line":182,"column":6},"end":{"line":182,"column":30}},"91":{"start":{"line":183,"column":6},"end":{"line":183,"column":45}},"92":{"start":{"line":187,"column":4},"end":{"line":190,"column":7}},"93":{"start":{"line":188,"column":6},"end":{"line":188,"column":29}},"94":{"start":{"line":189,"column":6},"end":{"line":189,"column":25}},"95":{"start":{"line":191,"column":4},"end":{"line":196,"column":7}},"96":{"start":{"line":192,"column":6},"end":{"line":192,"column":30}},"97":{"start":{"line":193,"column":6},"end":{"line":193,"column":34}},"98":{"start":{"line":194,"column":6},"end":{"line":194,"column":25}},"99":{"start":{"line":195,"column":6},"end":{"line":195,"column":26}},"100":{"start":{"line":197,"column":4},"end":{"line":200,"column":7}},"101":{"start":{"line":198,"column":6},"end":{"line":198,"column":30}},"102":{"start":{"line":199,"column":6},"end":{"line":199,"column":66}},"103":{"start":{"line":203,"column":4},"end":{"line":206,"column":7}},"104":{"start":{"line":204,"column":6},"end":{"line":204,"column":29}},"105":{"start":{"line":205,"column":6},"end":{"line":205,"column":25}},"106":{"start":{"line":207,"column":4},"end":{"line":210,"column":7}},"107":{"start":{"line":208,"column":6},"end":{"line":208,"column":30}},"108":{"start":{"line":209,"column":6},"end":{"line":209,"column":45}},"109":{"start":{"line":211,"column":4},"end":{"line":215,"column":7}},"110":{"start":{"line":212,"column":6},"end":{"line":212,"column":30}},"111":{"start":{"line":213,"column":6},"end":{"line":213,"column":34}},"112":{"start":{"line":214,"column":6},"end":{"line":214,"column":26}},"113":{"start":{"line":219,"column":15},"end":{"line":219,"column":32}},"114":{"start":{"line":220,"column":13},"end":{"line":220,"column":45}},"115":{"start":{"line":221,"column":26},"end":{"line":221,"column":53}},"116":{"start":{"line":221,"column":48},"end":{"line":221,"column":66}},"117":{"start":{"line":221,"column":13},"end":{"line":221,"column":26}},"118":{"start":{"line":222,"column":26},"end":{"line":222,"column":53}},"119":{"start":{"line":222,"column":48},"end":{"line":222,"column":64}},"120":{"start":{"line":222,"column":13},"end":{"line":222,"column":26}}},"fnMap":{"0":{"name":"(anonymous_13)","decl":{"start":{"line":31,"column":2},"end":{"line":31,"column":9}},"loc":{"start":{"line":31,"column":2},"end":{"line":42,"column":null}}},"1":{"name":"(anonymous_16)","decl":{"start":{"line":48,"column":2},"end":{"line":48,"column":9}},"loc":{"start":{"line":48,"column":2},"end":{"line":59,"column":null}}},"2":{"name":"(anonymous_19)","decl":{"start":{"line":65,"column":2},"end":{"line":65,"column":9}},"loc":{"start":{"line":65,"column":2},"end":{"line":87,"column":null}}},"3":{"name":"(anonymous_22)","decl":{"start":{"line":93,"column":2},"end":{"line":93,"column":null}},"loc":{"start":{"line":93,"column":2},"end":{"line":105,"column":null}}},"4":{"name":"(anonymous_25)","decl":{"start":{"line":112,"column":2},"end":{"line":112,"column":9}},"loc":{"start":{"line":112,"column":2},"end":{"line":123,"column":null}}},"5":{"name":"(anonymous_28)","decl":{"start":{"line":130,"column":10},"end":{"line":130,"column":11}},"loc":{"start":{"line":130,"column":16},"end":{"line":132,"column":5}}},"6":{"name":"(anonymous_29)","decl":{"start":{"line":133,"column":12},"end":{"line":133,"column":13}},"loc":{"start":{"line":133,"column":18},"end":{"line":137,"column":5}}},"7":{"name":"(anonymous_30)","decl":{"start":{"line":139,"column":17},"end":{"line":139,"column":18}},"loc":{"start":{"line":139,"column":25},"end":{"line":216,"column":3}}},"8":{"name":"(anonymous_31)","decl":{"start":{"line":141,"column":37},"end":{"line":141,"column":38}},"loc":{"start":{"line":141,"column":43},"end":{"line":144,"column":5}}},"9":{"name":"(anonymous_32)","decl":{"start":{"line":145,"column":38},"end":{"line":145,"column":39}},"loc":{"start":{"line":145,"column":52},"end":{"line":149,"column":5}}},"10":{"name":"(anonymous_33)","decl":{"start":{"line":150,"column":39},"end":{"line":150,"column":40}},"loc":{"start":{"line":150,"column":53},"end":{"line":154,"column":5}}},"11":{"name":"(anonymous_34)","decl":{"start":{"line":157,"column":39},"end":{"line":157,"column":40}},"loc":{"start":{"line":157,"column":45},"end":{"line":160,"column":5}}},"12":{"name":"(anonymous_35)","decl":{"start":{"line":161,"column":41},"end":{"line":161,"column":42}},"loc":{"start":{"line":161,"column":55},"end":{"line":165,"column":5}}},"13":{"name":"(anonymous_36)","decl":{"start":{"line":166,"column":40},"end":{"line":166,"column":41}},"loc":{"start":{"line":166,"column":54},"end":{"line":169,"column":5}}},"14":{"name":"(anonymous_37)","decl":{"start":{"line":172,"column":40},"end":{"line":172,"column":41}},"loc":{"start":{"line":172,"column":46},"end":{"line":175,"column":5}}},"15":{"name":"(anonymous_38)","decl":{"start":{"line":176,"column":42},"end":{"line":176,"column":43}},"loc":{"start":{"line":176,"column":56},"end":{"line":180,"column":5}}},"16":{"name":"(anonymous_39)","decl":{"start":{"line":181,"column":41},"end":{"line":181,"column":42}},"loc":{"start":{"line":181,"column":55},"end":{"line":184,"column":5}}},"17":{"name":"(anonymous_40)","decl":{"start":{"line":187,"column":42},"end":{"line":187,"column":43}},"loc":{"start":{"line":187,"column":48},"end":{"line":190,"column":5}}},"18":{"name":"(anonymous_41)","decl":{"start":{"line":191,"column":44},"end":{"line":191,"column":45}},"loc":{"start":{"line":191,"column":58},"end":{"line":196,"column":5}}},"19":{"name":"(anonymous_42)","decl":{"start":{"line":197,"column":43},"end":{"line":197,"column":44}},"loc":{"start":{"line":197,"column":57},"end":{"line":200,"column":5}}},"20":{"name":"(anonymous_43)","decl":{"start":{"line":203,"column":40},"end":{"line":203,"column":41}},"loc":{"start":{"line":203,"column":46},"end":{"line":206,"column":5}}},"21":{"name":"(anonymous_44)","decl":{"start":{"line":207,"column":41},"end":{"line":207,"column":42}},"loc":{"start":{"line":207,"column":55},"end":{"line":210,"column":5}}},"22":{"name":"(anonymous_45)","decl":{"start":{"line":211,"column":42},"end":{"line":211,"column":43}},"loc":{"start":{"line":211,"column":56},"end":{"line":215,"column":5}}},"23":{"name":"(anonymous_46)","decl":{"start":{"line":221,"column":26},"end":{"line":221,"column":27}},"loc":{"start":{"line":221,"column":43},"end":{"line":221,"column":53}}},"24":{"name":"(anonymous_47)","decl":{"start":{"line":222,"column":26},"end":{"line":222,"column":27}},"loc":{"start":{"line":222,"column":43},"end":{"line":222,"column":53}}}},"branchMap":{"0":{"loc":{"start":{"line":39,"column":8},"end":{"line":39,"column":69}},"type":"cond-expr","locations":[{"start":{"line":39,"column":33},"end":{"line":39,"column":46}},{"start":{"line":39,"column":49},"end":{"line":39,"column":69}}]},"1":{"loc":{"start":{"line":56,"column":8},"end":{"line":56,"column":63}},"type":"cond-expr","locations":[{"start":{"line":56,"column":33},"end":{"line":56,"column":46}},{"start":{"line":56,"column":49},"end":{"line":56,"column":63}}]},"2":{"loc":{"start":{"line":83,"column":6},"end":{"line":85,"column":8}},"type":"switch","locations":[{"start":{"line":83,"column":6},"end":{"line":85,"column":8}}]},"3":{"loc":{"start":{"line":70,"column":11},"end":{"line":70,"column":57}},"type":"if","locations":[{"start":{"line":70,"column":11},"end":{"line":70,"column":57}}]},"4":{"loc":{"start":{"line":84,"column":8},"end":{"line":84,"column":74}},"type":"cond-expr","locations":[{"start":{"line":84,"column":33},"end":{"line":84,"column":46}},{"start":{"line":84,"column":49},"end":{"line":84,"column":74}}]},"5":{"loc":{"start":{"line":102,"column":8},"end":{"line":102,"column":75}},"type":"cond-expr","locations":[{"start":{"line":102,"column":33},"end":{"line":102,"column":46}},{"start":{"line":102,"column":49},"end":{"line":102,"column":75}}]},"6":{"loc":{"start":{"line":120,"column":8},"end":{"line":120,"column":64}},"type":"cond-expr","locations":[{"start":{"line":120,"column":33},"end":{"line":120,"column":46}},{"start":{"line":120,"column":49},"end":{"line":120,"column":64}}]},"7":{"loc":{"start":{"line":168,"column":20},"end":{"line":168,"column":58}},"type":"binary-expr","locations":[{"start":{"line":168,"column":20},"end":{"line":168,"column":40}},{"start":{"line":168,"column":44},"end":{"line":168,"column":58}}]},"8":{"loc":{"start":{"line":199,"column":20},"end":{"line":199,"column":65}},"type":"binary-expr","locations":[{"start":{"line":199,"column":20},"end":{"line":199,"column":40}},{"start":{"line":199,"column":44},"end":{"line":199,"column":65}}]}},"s":{"0":2,"1":2,"2":2,"3":2,"4":2,"5":0,"6":0,"7":0,"8":0,"9":0,"10":0,"11":0,"12":0,"13":2,"14":0,"15":0,"16":0,"17":0,"18":0,"19":0,"20":0,"21":0,"22":2,"23":0,"24":0,"25":0,"26":0,"27":0,"28":0,"29":0,"30":0,"31":0,"32":0,"33":0,"34":0,"35":0,"36":0,"37":0,"38":0,"39":0,"40":0,"41":2,"42":0,"43":0,"44":0,"45":0,"46":0,"47":0,"48":2,"49":0,"50":0,"51":0,"52":0,"53":0,"54":0,"55":0,"56":2,"57":1,"58":1,"59":1,"60":1,"61":2,"62":1,"63":1,"64":2,"65":1,"66":1,"67":1,"68":2,"69":1,"70":1,"71":1,"72":2,"73":1,"74":1,"75":2,"76":1,"77":1,"78":1,"79":2,"80":1,"81":1,"82":2,"83":0,"84":0,"85":2,"86":1,"87":1,"88":1,"89":2,"90":1,"91":1,"92":2,"93":1,"94":1,"95":2,"96":1,"97":1,"98":1,"99":1,"100":2,"101":1,"102":1,"103":2,"104":1,"105":1,"106":2,"107":1,"108":1,"109":2,"110":1,"111":1,"112":1,"113":2,"114":2,"115":2,"116":0,"117":2,"118":2,"119":0,"120":2},"f":{"0":0,"1":0,"2":0,"3":0,"4":0,"5":1,"6":1,"7":2,"8":1,"9":1,"10":1,"11":1,"12":1,"13":1,"14":0,"15":1,"16":1,"17":1,"18":1,"19":1,"20":1,"21":1,"22":1,"23":0,"24":0},"b":{"0":[0,0],"1":[0,0],"2":[0],"3":[0],"4":[0,0],"5":[0,0],"6":[0,0],"7":[1,0],"8":[1,0]}}
,"C:\\Кодинг\\stellar-burgers\\stellar-burgers\\src\\utils\\burger-api.ts": {"path":"C:\\Кодинг\\stellar-burgers\\stellar-burgers\\src\\utils\\burger-api.ts","statementMap":{"0":{"start":{"line":1,"column":0},"end":{"line":1,"column":48}},"1":{"start":{"line":3,"column":12},"end":{"line":3,"column":38}},"2":{"start":{"line":5,"column":22},"end":{"line":10,"column":1}},"3":{"start":{"line":6,"column":2},"end":{"line":8,"column":3}},"4":{"start":{"line":7,"column":4},"end":{"line":7,"column":50}},"5":{"start":{"line":9,"column":2},"end":{"line":9,"column":34}},"6":{"start":{"line":21,"column":28},"end":{"line":22,"column":7}},"7":{"start":{"line":22,"column":2},"end":{"line":39,"column":7}},"8":{"start":{"line":31,"column":19},"end":{"line":31,"column":56}},"9":{"start":{"line":33,"column":6},"end":{"line":35,"column":7}},"10":{"start":{"line":34,"column":8},"end":{"line":34,"column":43}},"11":{"start":{"line":36,"column":6},"end":{"line":36,"column":69}},"12":{"start":{"line":37,"column":6},"end":{"line":37,"column":56}},"13":{"start":{"line":38,"column":6},"end":{"line":38,"column":25}},"14":{"start":{"line":21,"column":13},"end":{"line":21,"column":28}},"15":{"start":{"line":41,"column":32},"end":{"line":61,"column":2}},"16":{"start":{"line":43,"column":22},"end":{"line":61,"column":2}},"17":{"start":{"line":46,"column":16},"end":{"line":46,"column":null}},"18":{"start":{"line":46,"column":10},"end":{"line":46,"column":null}},"19":{"start":{"line":47,"column":11},"end":{"line":47,"column":39}},"20":{"start":{"line":47,"column":4},"end":{"line":47,"column":39}},"21":{"start":{"line":49,"column":8},"end":{"line":49,"column":9}},"22":{"start":{"line":50,"column":26},"end":{"line":50,"column":null}},"23":{"start":{"line":50,"column":12},"end":{"line":50,"column":null}},"24":{"start":{"line":51,"column":6},"end":{"line":54,"column":7}},"25":{"start":{"line":52,"column":9},"end":{"line":53,"column":34}},"26":{"start":{"line":55,"column":18},"end":{"line":55,"column":null}},"27":{"start":{"line":55,"column":12},"end":{"line":55,"column":null}},"28":{"start":{"line":56,"column":13},"end":{"line":56,"column":41}},"29":{"start":{"line":56,"column":6},"end":{"line":56,"column":41}},"30":{"start":{"line":58,"column":6},"end":{"line":58,"column":33}},"31":{"start":{"line":41,"column":13},"end":{"line":41,"column":32}},"32":{"start":{"line":77,"column":33},"end":{"line":78,"column":7}},"33":{"start":{"line":78,"column":2},"end":{"line":87,"column":7}},"34":{"start":{"line":79,"column":19},"end":{"line":79,"column":60}},"35":{"start":{"line":81,"column":6},"end":{"line":81,"column":42}},"36":{"start":{"line":81,"column":25},"end":{"line":81,"column":42}},"37":{"start":{"line":82,"column":6},"end":{"line":82,"column":34}},"38":{"start":{"line":85,"column":6},"end":{"line":85,"column":25}},"39":{"start":{"line":86,"column":6},"end":{"line":86,"column":33}},"40":{"start":{"line":77,"column":13},"end":{"line":77,"column":33}},"41":{"start":{"line":89,"column":27},"end":{"line":90,"column":7}},"42":{"start":{"line":90,"column":2},"end":{"line":95,"column":7}},"43":{"start":{"line":91,"column":19},"end":{"line":91,"column":54}},"44":{"start":{"line":93,"column":6},"end":{"line":93,"column":37}},"45":{"start":{"line":93,"column":25},"end":{"line":93,"column":37}},"46":{"start":{"line":94,"column":6},"end":{"line":94,"column":34}},"47":{"start":{"line":89,"column":13},"end":{"line":89,"column":27}},"48":{"start":{"line":97,"column":28},"end":{"line":98,"column":18}},"49":{"start":{"line":98,"column":2},"end":{"line":107,"column":5}},"50":{"start":{"line":105,"column":4},"end":{"line":105,"column":35}},"51":{"start":{"line":105,"column":23},"end":{"line":105,"column":35}},"52":{"start":{"line":106,"column":4},"end":{"line":106,"column":32}},"53":{"start":{"line":97,"column":13},"end":{"line":97,"column":28}},"54":{"start":{"line":114,"column":30},"end":{"line":115,"column":18}},"55":{"start":{"line":115,"column":2},"end":{"line":127,"column":5}},"56":{"start":{"line":125,"column":4},"end":{"line":125,"column":35}},"57":{"start":{"line":125,"column":23},"end":{"line":125,"column":35}},"58":{"start":{"line":126,"column":4},"end":{"line":126,"column":32}},"59":{"start":{"line":114,"column":13},"end":{"line":114,"column":30}},"60":{"start":{"line":133,"column":35},"end":{"line":134,"column":7}},"61":{"start":{"line":134,"column":2},"end":{"line":139,"column":55}},"62":{"start":{"line":139,"column":19},"end":{"line":139,"column":54}},"63":{"start":{"line":133,"column":13},"end":{"line":133,"column":35}},"64":{"start":{"line":153,"column":31},"end":{"line":154,"column":7}},"65":{"start":{"line":154,"column":2},"end":{"line":165,"column":7}},"66":{"start":{"line":161,"column":19},"end":{"line":161,"column":53}},"67":{"start":{"line":163,"column":6},"end":{"line":163,"column":37}},"68":{"start":{"line":163,"column":25},"end":{"line":163,"column":37}},"69":{"start":{"line":164,"column":6},"end":{"line":164,"column":34}},"70":{"start":{"line":153,"column":13},"end":{"line":153,"column":31}},"71":{"start":{"line":172,"column":28},"end":{"line":173,"column":7}},"72":{"start":{"line":173,"column":2},"end":{"line":184,"column":7}},"73":{"start":{"line":180,"column":19},"end":{"line":180,"column":53}},"74":{"start":{"line":182,"column":6},"end":{"line":182,"column":37}},"75":{"start":{"line":182,"column":25},"end":{"line":182,"column":37}},"76":{"start":{"line":183,"column":6},"end":{"line":183,"column":34}},"77":{"start":{"line":172,"column":13},"end":{"line":172,"column":28}},"78":{"start":{"line":186,"column":33},"end":{"line":187,"column":7}},"79":{"start":{"line":187,"column":2},"end":{"line":198,"column":7}},"80":{"start":{"line":194,"column":19},"end":{"line":194,"column":59}},"81":{"start":{"line":196,"column":6},"end":{"line":196,"column":37}},"82":{"start":{"line":196,"column":25},"end":{"line":196,"column":37}},"83":{"start":{"line":197,"column":6},"end":{"line":197,"column":34}},"84":{"start":{"line":186,"column":13},"end":{"line":186,"column":33}},"85":{"start":{"line":200,"column":32},"end":{"line":201,"column":7}},"86":{"start":{"line":201,"column":2},"end":{"line":212,"column":7}},"87":{"start":{"line":208,"column":19},"end":{"line":208,"column":59}},"88":{"start":{"line":210,"column":6},"end":{"line":210,"column":37}},"89":{"start":{"line":210,"column":25},"end":{"line":210,"column":37}},"90":{"start":{"line":211,"column":6},"end":{"line":211,"column":34}},"91":{"start":{"line":200,"column":13},"end":{"line":200,"column":32}},"92":{"start":{"line":216,"column":26},"end":{"line":217,"column":18}},"93":{"start":{"line":217,"column":2},"end":{"line":221,"column":5}},"94":{"start":{"line":216,"column":13},"end":{"line":216,"column":26}},"95":{"start":{"line":223,"column":29},"end":{"line":224,"column":18}},"96":{"start":{"line":224,"column":2},"end":{"line":231,"column":5}},"97":{"start":{"line":223,"column":13},"end":{"line":223,"column":29}},"98":{"start":{"line":233,"column":25},"end":{"line":234,"column":7}},"99":{"start":{"line":234,"column":2},"end":{"line":242,"column":60}},"100":{"start":{"line":242,"column":19},"end":{"line":242,"column":59}},"101":{"start":{"line":233,"column":13},"end":{"line":233,"column":25}}},"fnMap":{"0":{"name":"(anonymous_13)","decl":{"start":{"line":5,"column":22},"end":{"line":5,"column":26}},"loc":{"start":{"line":5,"column":39},"end":{"line":10,"column":1}}},"1":{"name":"(anonymous_14)","decl":{"start":{"line":21,"column":28},"end":{"line":21,"column":null}},"loc":{"start":{"line":21,"column":28},"end":{"line":22,"column":7}}},"2":{"name":"(anonymous_15)","decl":{"start":{"line":31,"column":10},"end":{"line":31,"column":11}},"loc":{"start":{"line":31,"column":14},"end":{"line":31,"column":32}}},"3":{"name":"(anonymous_16)","decl":{"start":{"line":32,"column":10},"end":{"line":32,"column":11}},"loc":{"start":{"line":32,"column":22},"end":{"line":39,"column":5}}},"4":{"name":"(anonymous_17)","decl":{"start":{"line":41,"column":32},"end":{"line":41,"column":null}},"loc":{"start":{"line":43,"column":22},"end":{"line":61,"column":2}}},"5":{"name":"(anonymous_18)","decl":{"start":{"line":43,"column":22},"end":{"line":43,"column":null}},"loc":{"start":{"line":43,"column":22},"end":{"line":61,"column":2}}},"6":{"name":"(anonymous_20)","decl":{"start":{"line":77,"column":33},"end":{"line":77,"column":null}},"loc":{"start":{"line":77,"column":33},"end":{"line":78,"column":7}}},"7":{"name":"(anonymous_21)","decl":{"start":{"line":79,"column":10},"end":{"line":79,"column":11}},"loc":{"start":{"line":79,"column":14},"end":{"line":79,"column":32}}},"8":{"name":"(anonymous_22)","decl":{"start":{"line":80,"column":10},"end":{"line":80,"column":11}},"loc":{"start":{"line":80,"column":15},"end":{"line":83,"column":5}}},"9":{"name":"(anonymous_23)","decl":{"start":{"line":84,"column":11},"end":{"line":84,"column":12}},"loc":{"start":{"line":84,"column":15},"end":{"line":87,"column":5}}},"10":{"name":"(anonymous_24)","decl":{"start":{"line":89,"column":27},"end":{"line":89,"column":null}},"loc":{"start":{"line":89,"column":27},"end":{"line":90,"column":7}}},"11":{"name":"(anonymous_25)","decl":{"start":{"line":91,"column":10},"end":{"line":91,"column":11}},"loc":{"start":{"line":91,"column":14},"end":{"line":91,"column":32}}},"12":{"name":"(anonymous_26)","decl":{"start":{"line":92,"column":10},"end":{"line":92,"column":11}},"loc":{"start":{"line":92,"column":15},"end":{"line":95,"column":5}}},"13":{"name":"(anonymous_27)","decl":{"start":{"line":97,"column":28},"end":{"line":97,"column":null}},"loc":{"start":{"line":97,"column":28},"end":{"line":98,"column":18}}},"14":{"name":"(anonymous_28)","decl":{"start":{"line":104,"column":10},"end":{"line":104,"column":11}},"loc":{"start":{"line":104,"column":15},"end":{"line":107,"column":3}}},"15":{"name":"(anonymous_29)","decl":{"start":{"line":114,"column":30},"end":{"line":114,"column":31}},"loc":{"start":{"line":114,"column":45},"end":{"line":115,"column":18}}},"16":{"name":"(anonymous_30)","decl":{"start":{"line":124,"column":10},"end":{"line":124,"column":11}},"loc":{"start":{"line":124,"column":15},"end":{"line":127,"column":3}}},"17":{"name":"(anonymous_31)","decl":{"start":{"line":133,"column":35},"end":{"line":133,"column":36}},"loc":{"start":{"line":133,"column":50},"end":{"line":134,"column":7}}},"18":{"name":"(anonymous_32)","decl":{"start":{"line":139,"column":10},"end":{"line":139,"column":11}},"loc":{"start":{"line":139,"column":14},"end":{"line":139,"column":32}}},"19":{"name":"(anonymous_33)","decl":{"start":{"line":153,"column":31},"end":{"line":153,"column":32}},"loc":{"start":{"line":153,"column":51},"end":{"line":154,"column":7}}},"20":{"name":"(anonymous_34)","decl":{"start":{"line":161,"column":10},"end":{"line":161,"column":11}},"loc":{"start":{"line":161,"column":14},"end":{"line":161,"column":32}}},"21":{"name":"(anonymous_35)","decl":{"start":{"line":162,"column":10},"end":{"line":162,"column":11}},"loc":{"start":{"line":162,"column":15},"end":{"line":165,"column":5}}},"22":{"name":"(anonymous_36)","decl":{"start":{"line":172,"column":28},"end":{"line":172,"column":29}},"loc":{"start":{"line":172,"column":45},"end":{"line":173,"column":7}}},"23":{"name":"(anonymous_37)","decl":{"start":{"line":180,"column":10},"end":{"line":180,"column":11}},"loc":{"start":{"line":180,"column":14},"end":{"line":180,"column":32}}},"24":{"name":"(anonymous_38)","decl":{"start":{"line":181,"column":10},"end":{"line":181,"column":11}},"loc":{"start":{"line":181,"column":15},"end":{"line":184,"column":5}}},"25":{"name":"(anonymous_39)","decl":{"start":{"line":186,"column":33},"end":{"line":186,"column":34}},"loc":{"start":{"line":186,"column":57},"end":{"line":187,"column":7}}},"26":{"name":"(anonymous_40)","decl":{"start":{"line":194,"column":10},"end":{"line":194,"column":11}},"loc":{"start":{"line":194,"column":14},"end":{"line":194,"column":32}}},"27":{"name":"(anonymous_41)","decl":{"start":{"line":195,"column":10},"end":{"line":195,"column":11}},"loc":{"start":{"line":195,"column":15},"end":{"line":198,"column":5}}},"28":{"name":"(anonymous_42)","decl":{"start":{"line":200,"column":32},"end":{"line":200,"column":33}},"loc":{"start":{"line":200,"column":74},"end":{"line":201,"column":7}}},"29":{"name":"(anonymous_43)","decl":{"start":{"line":208,"column":10},"end":{"line":208,"column":11}},"loc":{"start":{"line":208,"column":14},"end":{"line":208,"column":32}}},"30":{"name":"(anonymous_44)","decl":{"start":{"line":209,"column":10},"end":{"line":209,"column":11}},"loc":{"start":{"line":209,"column":15},"end":{"line":212,"column":5}}},"31":{"name":"(anonymous_45)","decl":{"start":{"line":216,"column":26},"end":{"line":216,"column":null}},"loc":{"start":{"line":216,"column":26},"end":{"line":217,"column":18}}},"32":{"name":"(anonymous_46)","decl":{"start":{"line":223,"column":29},"end":{"line":223,"column":30}},"loc":{"start":{"line":223,"column":58},"end":{"line":224,"column":18}}},"33":{"name":"(anonymous_47)","decl":{"start":{"line":233,"column":25},"end":{"line":233,"column":null}},"loc":{"start":{"line":233,"column":25},"end":{"line":234,"column":7}}},"34":{"name":"(anonymous_48)","decl":{"start":{"line":242,"column":10},"end":{"line":242,"column":11}},"loc":{"start":{"line":242,"column":14},"end":{"line":242,"column":32}}}},"branchMap":{"0":{"loc":{"start":{"line":6,"column":2},"end":{"line":8,"column":3}},"type":"if","locations":[{"start":{"line":6,"column":2},"end":{"line":8,"column":3}}]},"1":{"loc":{"start":{"line":33,"column":6},"end":{"line":35,"column":7}},"type":"if","locations":[{"start":{"line":33,"column":6},"end":{"line":35,"column":7}}]},"2":{"loc":{"start":{"line":47,"column":4},"end":{"line":47,"column":39}},"type":"switch","locations":[{"start":{"line":47,"column":4},"end":{"line":47,"column":39}},{"start":{"line":56,"column":6},"end":{"line":56,"column":41}},{"start":{"line":58,"column":6},"end":{"line":58,"column":33}}]},"3":{"loc":{"start":{"line":49,"column":8},"end":{"line":49,"column":9}},"type":"if","locations":[{"start":{"line":49,"column":8},"end":{"line":49,"column":9}}]},"4":{"loc":{"start":{"line":51,"column":6},"end":{"line":54,"column":7}},"type":"if","locations":[{"start":{"line":51,"column":6},"end":{"line":54,"column":7}}]},"5":{"loc":{"start":{"line":81,"column":6},"end":{"line":81,"column":42}},"type":"if","locations":[{"start":{"line":81,"column":6},"end":{"line":81,"column":42}}]},"6":{"loc":{"start":{"line":81,"column":10},"end":{"line":81,"column":23}},"type":"cond-expr","locations":[{"start":{"line":81,"column":14},"end":{"line":81,"column":16}},{"start":{"line":81,"column":10},"end":{"line":81,"column":23}}]},"7":{"loc":{"start":{"line":81,"column":10},"end":{"line":81,"column":16}},"type":"binary-expr","locations":[{"start":{"line":81,"column":10},"end":{"line":81,"column":16}},{"start":{"line":81,"column":10},"end":{"line":81,"column":16}}]},"8":{"loc":{"start":{"line":93,"column":6},"end":{"line":93,"column":37}},"type":"if","locations":[{"start":{"line":93,"column":6},"end":{"line":93,"column":37}}]},"9":{"loc":{"start":{"line":93,"column":10},"end":{"line":93,"column":23}},"type":"cond-expr","locations":[{"start":{"line":93,"column":14},"end":{"line":93,"column":16}},{"start":{"line":93,"column":10},"end":{"line":93,"column":23}}]},"10":{"loc":{"start":{"line":93,"column":10},"end":{"line":93,"column":16}},"type":"binary-expr","locations":[{"start":{"line":93,"column":10},"end":{"line":93,"column":16}},{"start":{"line":93,"column":10},"end":{"line":93,"column":16}}]},"11":{"loc":{"start":{"line":105,"column":4},"end":{"line":105,"column":35}},"type":"if","locations":[{"start":{"line":105,"column":4},"end":{"line":105,"column":35}}]},"12":{"loc":{"start":{"line":105,"column":8},"end":{"line":105,"column":21}},"type":"cond-expr","locations":[{"start":{"line":105,"column":12},"end":{"line":105,"column":14}},{"start":{"line":105,"column":8},"end":{"line":105,"column":21}}]},"13":{"loc":{"start":{"line":105,"column":8},"end":{"line":105,"column":14}},"type":"binary-expr","locations":[{"start":{"line":105,"column":8},"end":{"line":105,"column":14}},{"start":{"line":105,"column":8},"end":{"line":105,"column":14}}]},"14":{"loc":{"start":{"line":125,"column":4},"end":{"line":125,"column":35}},"type":"if","locations":[{"start":{"line":125,"column":4},"end":{"line":125,"column":35}}]},"15":{"loc":{"start":{"line":125,"column":8},"end":{"line":125,"column":21}},"type":"cond-expr","locations":[{"start":{"line":125,"column":12},"end":{"line":125,"column":14}},{"start":{"line":125,"column":8},"end":{"line":125,"column":21}}]},"16":{"loc":{"start":{"line":125,"column":8},"end":{"line":125,"column":14}},"type":"binary-expr","locations":[{"start":{"line":125,"column":8},"end":{"line":125,"column":14}},{"start":{"line":125,"column":8},"end":{"line":125,"column":14}}]},"17":{"loc":{"start":{"line":163,"column":6},"end":{"line":163,"column":37}},"type":"if","locations":[{"start":{"line":163,"column":6},"end":{"line":163,"column":37}}]},"18":{"loc":{"start":{"line":163,"column":10},"end":{"line":163,"column":23}},"type":"cond-expr","locations":[{"start":{"line":163,"column":14},"end":{"line":163,"column":16}},{"start":{"line":163,"column":10},"end":{"line":163,"column":23}}]},"19":{"loc":{"start":{"line":163,"column":10},"end":{"line":163,"column":16}},"type":"binary-expr","locations":[{"start":{"line":163,"column":10},"end":{"line":163,"column":16}},{"start":{"line":163,"column":10},"end":{"line":163,"column":16}}]},"20":{"loc":{"start":{"line":182,"column":6},"end":{"line":182,"column":37}},"type":"if","locations":[{"start":{"line":182,"column":6},"end":{"line":182,"column":37}}]},"21":{"loc":{"start":{"line":182,"column":10},"end":{"line":182,"column":23}},"type":"cond-expr","locations":[{"start":{"line":182,"column":14},"end":{"line":182,"column":16}},{"start":{"line":182,"column":10},"end":{"line":182,"column":23}}]},"22":{"loc":{"start":{"line":182,"column":10},"end":{"line":182,"column":16}},"type":"binary-expr","locations":[{"start":{"line":182,"column":10},"end":{"line":182,"column":16}},{"start":{"line":182,"column":10},"end":{"line":182,"column":16}}]},"23":{"loc":{"start":{"line":196,"column":6},"end":{"line":196,"column":37}},"type":"if","locations":[{"start":{"line":196,"column":6},"end":{"line":196,"column":37}}]},"24":{"loc":{"start":{"line":196,"column":10},"end":{"line":196,"column":23}},"type":"cond-expr","locations":[{"start":{"line":196,"column":14},"end":{"line":196,"column":16}},{"start":{"line":196,"column":10},"end":{"line":196,"column":23}}]},"25":{"loc":{"start":{"line":196,"column":10},"end":{"line":196,"column":16}},"type":"binary-expr","locations":[{"start":{"line":196,"column":10},"end":{"line":196,"column":16}},{"start":{"line":196,"column":10},"end":{"line":196,"column":16}}]},"26":{"loc":{"start":{"line":210,"column":6},"end":{"line":210,"column":37}},"type":"if","locations":[{"start":{"line":210,"column":6},"end":{"line":210,"column":37}}]},"27":{"loc":{"start":{"line":210,"column":10},"end":{"line":210,"column":23}},"type":"cond-expr","locations":[{"start":{"line":210,"column":14},"end":{"line":210,"column":16}},{"start":{"line":210,"column":10},"end":{"line":210,"column":23}}]},"28":{"loc":{"start":{"line":210,"column":10},"end":{"line":210,"column":16}},"type":"binary-expr","locations":[{"start":{"line":210,"column":10},"end":{"line":210,"column":16}},{"start":{"line":210,"column":10},"end":{"line":210,"column":16}}]}},"s":{"0":4,"1":4,"2":4,"3":0,"4":0,"5":0,"6":4,"7":0,"8":0,"9":0,"10":0,"11":0,"12":0,"13":0,"14":4,"15":4,"16":0,"17":0,"18":0,"19":0,"20":0,"21":0,"22":0,"23":0,"24":0,"25":0,"26":0,"27":0,"28":0,"29":0,"30":0,"31":4,"32":4,"33":0,"34":0,"35":0,"36":0,"37":0,"38":0,"39":0,"40":4,"41":4,"42":0,"43":0,"44":0,"45":0,"46":0,"47":4,"48":4,"49":0,"50":0,"51":0,"52":0,"53":4,"54":4,"55":0,"56":0,"57":0,"58":0,"59":4,"60":4,"61":0,"62":0,"63":4,"64":4,"65":0,"66":0,"67":0,"68":0,"69":0,"70":4,"71":4,"72":0,"73":0,"74":0,"75":0,"76":0,"77":4,"78":4,"79":0,"80":0,"81":0,"82":0,"83":0,"84":4,"85":4,"86":0,"87":0,"88":0,"89":0,"90":0,"91":4,"92":4,"93":0,"94":4,"95":4,"96":0,"97":4,"98":4,"99":0,"100":0,"101":4},"f":{"0":0,"1":0,"2":0,"3":0,"4":0,"5":0,"6":0,"7":0,"8":0,"9":0,"10":0,"11":0,"12":0,"13":0,"14":0,"15":0,"16":0,"17":0,"18":0,"19":0,"20":0,"21":0,"22":0,"23":0,"24":0,"25":0,"26":0,"27":0,"28":0,"29":0,"30":0,"31":0,"32":0,"33":0,"34":0},"b":{"0":[0],"1":[0],"2":[0,0,0],"3":[0],"4":[0],"5":[0],"6":[0,0],"7":[0,0],"8":[0],"9":[0,0],"10":[0,0],"11":[0],"12":[0,0],"13":[0,0],"14":[0],"15":[0,0],"16":[0,0],"17":[0],"18":[0,0],"19":[0,0],"20":[0],"21":[0,0],"22":[0,0],"23":[0],"24":[0,0],"25":[0,0],"26":[0],"27":[0,0],"28":[0,0]}}
,"C:\\Кодинг\\stellar-burgers\\stellar-burgers\\src\\utils\\cookie.ts": {"path":"C:\\Кодинг\\stellar-burgers\\stellar-burgers\\src\\utils\\cookie.ts","statementMap":{"0":{"start":{"line":1,"column":0},"end":{"line":1,"column":16}},"1":{"start":{"line":13,"column":0},"end":{"line":13,"column":16}},"2":{"start":{"line":45,"column":0},"end":{"line":45,"column":16}},"3":{"start":{"line":2,"column":18},"end":{"line":8,"column":null}},"4":{"start":{"line":10,"column":2},"end":{"line":10,"column":62}},"5":{"start":{"line":16,"column":2},"end":{"line":16,"column":null}},"6":{"start":{"line":18,"column":2},"end":{"line":21,"column":4}},"7":{"start":{"line":23,"column":12},"end":{"line":23,"column":25}},"8":{"start":{"line":24,"column":2},"end":{"line":28,"column":3}},"9":{"start":{"line":25,"column":14},"end":{"line":25,"column":24}},"10":{"start":{"line":26,"column":4},"end":{"line":26,"column":40}},"11":{"start":{"line":27,"column":4},"end":{"line":27,"column":28}},"12":{"start":{"line":30,"column":2},"end":{"line":32,"column":3}},"13":{"start":{"line":31,"column":4},"end":{"line":31,"column":38}},"14":{"start":{"line":33,"column":2},"end":{"line":33,"column":36}},"15":{"start":{"line":34,"column":22},"end":{"line":34,"column":40}},"16":{"start":{"line":35,"column":2},"end":{"line":41,"column":3}},"17":{"start":{"line":36,"column":4},"end":{"line":36,"column":37}},"18":{"start":{"line":37,"column":22},"end":{"line":37,"column":37}},"19":{"start":{"line":38,"column":4},"end":{"line":40,"column":5}},"20":{"start":{"line":39,"column":6},"end":{"line":39,"column":39}},"21":{"start":{"line":42,"column":2},"end":{"line":42,"column":34}},"22":{"start":{"line":46,"column":2},"end":{"line":46,"column":39}}},"fnMap":{"0":{"name":"getCookie","decl":{"start":{"line":1,"column":16},"end":{"line":1,"column":25}},"loc":{"start":{"line":1,"column":38},"end":{"line":11,"column":1}}},"1":{"name":"setCookie","decl":{"start":{"line":13,"column":16},"end":{"line":13,"column":25}},"loc":{"start":{"line":16,"column":65},"end":{"line":43,"column":1}}},"2":{"name":"deleteCookie","decl":{"start":{"line":45,"column":16},"end":{"line":45,"column":28}},"loc":{"start":{"line":45,"column":41},"end":{"line":47,"column":1}}}},"branchMap":{"0":{"loc":{"start":{"line":10,"column":9},"end":{"line":10,"column":61}},"type":"cond-expr","locations":[{"start":{"line":10,"column":19},"end":{"line":10,"column":49}},{"start":{"line":10,"column":52},"end":{"line":10,"column":61}}]},"1":{"loc":{"start":{"line":16,"column":2},"end":{"line":16,"column":null}},"type":"if","locations":[{"start":{"line":16,"column":2},"end":{"line":16,"column":null}}]},"2":{"loc":{"start":{"line":24,"column":2},"end":{"line":28,"column":3}},"type":"if","locations":[{"start":{"line":24,"column":2},"end":{"line":28,"column":3}}]},"3":{"loc":{"start":{"line":24,"column":6},"end":{"line":24,"column":36}},"type":"binary-expr","locations":[{"start":{"line":24,"column":6},"end":{"line":24,"column":9}},{"start":{"line":24,"column":13},"end":{"line":24,"column":36}}]},"4":{"loc":{"start":{"line":30,"column":2},"end":{"line":32,"column":3}},"type":"if","locations":[{"start":{"line":30,"column":2},"end":{"line":32,"column":3}}]},"5":{"loc":{"start":{"line":30,"column":6},"end":{"line":30,"column":32}},"type":"binary-expr","locations":[{"start":{"line":30,"column":6},"end":{"line":30,"column":9}},{"start":{"line":30,"column":13},"end":{"line":30,"column":32}}]},"6":{"loc":{"start":{"line":38,"column":4},"end":{"line":40,"column":5}},"type":"if","locations":[{"start":{"line":38,"column":4},"end":{"line":40,"column":5}}]}},"s":{"0":4,"1":4,"2":4,"3":0,"4":0,"5":0,"6":0,"7":0,"8":0,"9":0,"10":0,"11":0,"12":0,"13":0,"14":0,"15":0,"16":0,"17":0,"18":0,"19":0,"20":0,"21":0,"22":0},"f":{"0":0,"1":0,"2":0},"b":{"0":[0,0],"1":[0],"2":[0],"3":[0,0],"4":[0],"5":[0,0],"6":[0]}}
}
