TN:
SF:src\services\store.ts
FN:22,(anonymous_0)
FN:28,(anonymous_1)
FN:30,(anonymous_2)
FNF:3
FNH:1
FNDA:1,(anonymous_0)
FNDA:0,(anonymous_1)
FNDA:0,(anonymous_2)
DA:1,1
DA:2,1
DA:7,1
DA:8,1
DA:9,1
DA:10,1
DA:12,1
DA:19,1
DA:22,1
DA:28,1
DA:29,1
DA:30,1
DA:32,1
LF:13
LH:13
BRF:0
BRH:0
end_of_record
TN:
SF:src\services\slices\constructorItemsSlice.ts
FN:19,(anonymous_2)
FN:27,(anonymous_3)
FN:34,(anonymous_4)
FN:36,(anonymous_5)
FN:38,(anonymous_6)
FN:46,(anonymous_7)
FN:52,(anonymous_8)
FNF:7
FNH:5
FNDA:2,(anonymous_2)
FNDA:2,(anonymous_3)
FNDA:2,(anonymous_4)
FNDA:3,(anonymous_5)
FNDA:2,(anonymous_6)
FNDA:0,(anonymous_7)
FNDA:0,(anonymous_8)
DA:1,2
DA:9,2
DA:14,2
DA:20,2
DA:21,2
DA:22,1
DA:24,1
DA:27,2
DA:35,2
DA:36,3
DA:42,2
DA:43,2
DA:44,2
DA:47,0
DA:48,0
DA:52,0
DA:57,2
DA:63,2
DA:64,2
LF:19
LH:16
BRDA:21,0,0,1
BRDA:21,0,1,1
BRF:2
BRH:2
end_of_record
TN:
SF:src\services\slices\ingredientSlice.ts
FN:20,(anonymous_0)
FN:21,(anonymous_1)
FN:22,(anonymous_2)
FN:25,(anonymous_3)
FN:27,(anonymous_4)
FN:31,(anonymous_5)
FN:35,(anonymous_6)
FNF:7
FNH:4
FNDA:0,(anonymous_0)
FNDA:0,(anonymous_1)
FNDA:0,(anonymous_2)
FNDA:2,(anonymous_3)
FNDA:1,(anonymous_4)
FNDA:1,(anonymous_5)
FNDA:1,(anonymous_6)
DA:1,2
DA:2,2
DA:5,2
DA:11,2
DA:16,2
DA:20,0
DA:21,0
DA:22,0
DA:26,2
DA:28,1
DA:29,1
DA:32,1
DA:33,1
DA:36,1
DA:37,1
DA:43,2
DA:48,2
LF:17
LH:14
BRDA:36,0,0,1
BRDA:36,0,1,0
BRF:2
BRH:1
end_of_record
TN:
SF:src\services\slices\orderSlice.ts
FN:30,(anonymous_13)
FN:47,(anonymous_16)
FN:64,(anonymous_19)
FN:79,(anonymous_22)
FN:95,(anonymous_25)
FN:96,(anonymous_26)
FN:97,(anonymous_27)
FN:98,(anonymous_28)
FN:99,(anonymous_29)
FN:100,(anonymous_30)
FN:101,(anonymous_31)
FN:102,(anonymous_32)
FN:103,(anonymous_33)
FN:113,(anonymous_34)
FN:123,(anonymous_35)
FN:126,(anonymous_36)
FN:128,(anonymous_37)
FN:130,(anonymous_38)
FN:134,(anonymous_39)
FN:140,(anonymous_40)
FN:145,(anonymous_41)
FN:148,(anonymous_42)
FN:154,(anonymous_43)
FN:159,(anonymous_44)
FN:162,(anonymous_45)
FN:167,(anonymous_46)
FN:170,(anonymous_47)
FN:173,(anonymous_48)
FNF:28
FNH:13
FNDA:0,(anonymous_13)
FNDA:0,(anonymous_16)
FNDA:0,(anonymous_19)
FNDA:0,(anonymous_22)
FNDA:0,(anonymous_25)
FNDA:0,(anonymous_26)
FNDA:0,(anonymous_27)
FNDA:0,(anonymous_28)
FNDA:0,(anonymous_29)
FNDA:0,(anonymous_30)
FNDA:0,(anonymous_31)
FNDA:0,(anonymous_32)
FNDA:0,(anonymous_33)
FNDA:2,(anonymous_34)
FNDA:1,(anonymous_35)
FNDA:1,(anonymous_36)
FNDA:2,(anonymous_37)
FNDA:1,(anonymous_38)
FNDA:1,(anonymous_39)
FNDA:1,(anonymous_40)
FNDA:0,(anonymous_41)
FNDA:1,(anonymous_42)
FNDA:1,(anonymous_43)
FNDA:0,(anonymous_44)
FNDA:1,(anonymous_45)
FNDA:1,(anonymous_46)
FNDA:1,(anonymous_47)
FNDA:1,(anonymous_48)
DA:1,2
DA:7,2
DA:10,2
DA:28,2
DA:30,0
DA:32,0
DA:33,0
DA:35,0
DA:45,2
DA:47,0
DA:49,0
DA:50,0
DA:52,0
DA:62,2
DA:64,0
DA:66,0
DA:67,0
DA:69,0
DA:77,2
DA:79,0
DA:81,0
DA:82,0
DA:84,0
DA:91,2
DA:95,0
DA:96,0
DA:97,0
DA:98,0
DA:99,0
DA:100,0
DA:101,0
DA:102,0
DA:103,0
DA:117,2
DA:118,1
DA:120,1
DA:124,1
DA:126,1
DA:129,2
DA:131,1
DA:132,1
DA:135,1
DA:136,1
DA:137,1
DA:138,1
DA:141,1
DA:142,1
DA:146,0
DA:149,1
DA:150,1
DA:151,1
DA:152,1
DA:155,1
DA:160,0
DA:163,1
DA:164,1
DA:165,1
DA:168,1
DA:171,1
DA:174,1
DA:179,2
DA:182,2
DA:184,2
LF:63
LH:36
BRDA:36,0,0,0
BRDA:36,0,1,0
BRDA:53,1,0,0
BRDA:53,1,1,0
BRDA:70,2,0,0
BRDA:70,2,1,0
BRDA:85,3,0,0
BRDA:85,3,1,0
BRDA:117,4,0,1
BRDA:117,4,1,1
BRF:10
BRH:2
end_of_record
TN:
SF:src\services\slices\userSlice.ts
FN:31,(anonymous_13)
FN:48,(anonymous_16)
FN:65,(anonymous_19)
FN:93,(anonymous_22)
FN:112,(anonymous_25)
FN:130,(anonymous_28)
FN:133,(anonymous_29)
FN:139,(anonymous_30)
FN:141,(anonymous_31)
FN:145,(anonymous_32)
FN:150,(anonymous_33)
FN:157,(anonymous_34)
FN:161,(anonymous_35)
FN:166,(anonymous_36)
FN:172,(anonymous_37)
FN:176,(anonymous_38)
FN:181,(anonymous_39)
FN:187,(anonymous_40)
FN:191,(anonymous_41)
FN:197,(anonymous_42)
FN:203,(anonymous_43)
FN:207,(anonymous_44)
FN:211,(anonymous_45)
FN:221,(anonymous_46)
FN:222,(anonymous_47)
FNF:25
FNH:17
FNDA:0,(anonymous_13)
FNDA:0,(anonymous_16)
FNDA:0,(anonymous_19)
FNDA:0,(anonymous_22)
FNDA:0,(anonymous_25)
FNDA:1,(anonymous_28)
FNDA:1,(anonymous_29)
FNDA:2,(anonymous_30)
FNDA:1,(anonymous_31)
FNDA:1,(anonymous_32)
FNDA:1,(anonymous_33)
FNDA:1,(anonymous_34)
FNDA:1,(anonymous_35)
FNDA:1,(anonymous_36)
FNDA:0,(anonymous_37)
FNDA:1,(anonymous_38)
FNDA:1,(anonymous_39)
FNDA:1,(anonymous_40)
FNDA:1,(anonymous_41)
FNDA:1,(anonymous_42)
FNDA:1,(anonymous_43)
FNDA:1,(anonymous_44)
FNDA:1,(anonymous_45)
FNDA:0,(anonymous_46)
FNDA:0,(anonymous_47)
DA:1,2
DA:2,2
DA:12,2
DA:22,2
DA:29,2
DA:31,0
DA:33,0
DA:34,0
DA:35,0
DA:36,0
DA:38,0
DA:46,2
DA:48,0
DA:50,0
DA:51,0
DA:52,0
DA:53,0
DA:55,0
DA:63,2
DA:65,0
DA:67,0
DA:68,0
DA:70,0
DA:72,0
DA:73,0
DA:74,0
DA:76,0
DA:77,0
DA:79,0
DA:80,0
DA:83,0
DA:91,2
DA:93,0
DA:95,0
DA:98,0
DA:99,0
DA:101,0
DA:110,2
DA:112,0
DA:114,0
DA:115,0
DA:116,0
DA:117,0
DA:119,0
DA:126,2
DA:131,1
DA:134,1
DA:135,1
DA:136,1
DA:141,2
DA:142,1
DA:143,1
DA:145,2
DA:146,1
DA:147,1
DA:148,1
DA:150,2
DA:151,1
DA:152,1
DA:153,1
DA:157,2
DA:158,1
DA:159,1
DA:161,2
DA:162,1
DA:163,1
DA:164,1
DA:166,2
DA:167,1
DA:168,1
DA:172,2
DA:173,0
DA:174,0
DA:176,2
DA:177,1
DA:178,1
DA:179,1
DA:181,2
DA:182,1
DA:183,1
DA:187,2
DA:188,1
DA:189,1
DA:191,2
DA:192,1
DA:193,1
DA:194,1
DA:195,1
DA:197,2
DA:198,1
DA:199,1
DA:203,2
DA:204,1
DA:205,1
DA:207,2
DA:208,1
DA:209,1
DA:211,2
DA:212,1
DA:213,1
DA:214,1
DA:219,2
DA:220,2
DA:221,2
DA:222,2
LF:105
LH:68
BRDA:39,0,0,0
BRDA:39,0,1,0
BRDA:56,1,0,0
BRDA:56,1,1,0
BRDA:83,2,0,0
BRDA:70,3,0,0
BRDA:84,4,0,0
BRDA:84,4,1,0
BRDA:102,5,0,0
BRDA:102,5,1,0
BRDA:120,6,0,0
BRDA:120,6,1,0
BRDA:168,7,0,1
BRDA:168,7,1,0
BRDA:199,8,0,1
BRDA:199,8,1,0
BRF:16
BRH:2
end_of_record
TN:
SF:src\utils\burger-api.ts
FN:5,(anonymous_13)
FN:21,(anonymous_14)
FN:31,(anonymous_15)
FN:32,(anonymous_16)
FN:41,(anonymous_17)
FN:43,(anonymous_18)
FN:77,(anonymous_20)
FN:79,(anonymous_21)
FN:80,(anonymous_22)
FN:84,(anonymous_23)
FN:89,(anonymous_24)
FN:91,(anonymous_25)
FN:92,(anonymous_26)
FN:97,(anonymous_27)
FN:104,(anonymous_28)
FN:114,(anonymous_29)
FN:124,(anonymous_30)
FN:133,(anonymous_31)
FN:139,(anonymous_32)
FN:153,(anonymous_33)
FN:161,(anonymous_34)
FN:162,(anonymous_35)
FN:172,(anonymous_36)
FN:180,(anonymous_37)
FN:181,(anonymous_38)
FN:186,(anonymous_39)
FN:194,(anonymous_40)
FN:195,(anonymous_41)
FN:200,(anonymous_42)
FN:208,(anonymous_43)
FN:209,(anonymous_44)
FN:216,(anonymous_45)
FN:223,(anonymous_46)
FN:233,(anonymous_47)
FN:242,(anonymous_48)
FNF:35
FNH:0
FNDA:0,(anonymous_13)
FNDA:0,(anonymous_14)
FNDA:0,(anonymous_15)
FNDA:0,(anonymous_16)
FNDA:0,(anonymous_17)
FNDA:0,(anonymous_18)
FNDA:0,(anonymous_20)
FNDA:0,(anonymous_21)
FNDA:0,(anonymous_22)
FNDA:0,(anonymous_23)
FNDA:0,(anonymous_24)
FNDA:0,(anonymous_25)
FNDA:0,(anonymous_26)
FNDA:0,(anonymous_27)
FNDA:0,(anonymous_28)
FNDA:0,(anonymous_29)
FNDA:0,(anonymous_30)
FNDA:0,(anonymous_31)
FNDA:0,(anonymous_32)
FNDA:0,(anonymous_33)
FNDA:0,(anonymous_34)
FNDA:0,(anonymous_35)
FNDA:0,(anonymous_36)
FNDA:0,(anonymous_37)
FNDA:0,(anonymous_38)
FNDA:0,(anonymous_39)
FNDA:0,(anonymous_40)
FNDA:0,(anonymous_41)
FNDA:0,(anonymous_42)
FNDA:0,(anonymous_43)
FNDA:0,(anonymous_44)
FNDA:0,(anonymous_45)
FNDA:0,(anonymous_46)
FNDA:0,(anonymous_47)
FNDA:0,(anonymous_48)
DA:1,4
DA:3,4
DA:5,4
DA:6,0
DA:7,0
DA:9,0
DA:21,4
DA:22,0
DA:31,0
DA:33,0
DA:34,0
DA:36,0
DA:37,0
DA:38,0
DA:41,4
DA:43,0
DA:46,0
DA:47,0
DA:49,0
DA:50,0
DA:51,0
DA:52,0
DA:55,0
DA:56,0
DA:58,0
DA:77,4
DA:78,0
DA:79,0
DA:81,0
DA:82,0
DA:85,0
DA:86,0
DA:89,4
DA:90,0
DA:91,0
DA:93,0
DA:94,0
DA:97,4
DA:98,0
DA:105,0
DA:106,0
DA:114,4
DA:115,0
DA:125,0
DA:126,0
DA:133,4
DA:134,0
DA:139,0
DA:153,4
DA:154,0
DA:161,0
DA:163,0
DA:164,0
DA:172,4
DA:173,0
DA:180,0
DA:182,0
DA:183,0
DA:186,4
DA:187,0
DA:194,0
DA:196,0
DA:197,0
DA:200,4
DA:201,0
DA:208,0
DA:210,0
DA:211,0
DA:216,4
DA:217,0
DA:223,4
DA:224,0
DA:233,4
DA:234,0
DA:242,0
LF:75
LH:17
BRDA:6,0,0,0
BRDA:33,1,0,0
BRDA:47,2,0,0
BRDA:47,2,1,0
BRDA:47,2,2,0
BRDA:49,3,0,0
BRDA:51,4,0,0
BRDA:81,5,0,0
BRDA:81,6,0,0
BRDA:81,6,1,0
BRDA:81,7,0,0
BRDA:81,7,1,0
BRDA:93,8,0,0
BRDA:93,9,0,0
BRDA:93,9,1,0
BRDA:93,10,0,0
BRDA:93,10,1,0
BRDA:105,11,0,0
BRDA:105,12,0,0
BRDA:105,12,1,0
BRDA:105,13,0,0
BRDA:105,13,1,0
BRDA:125,14,0,0
BRDA:125,15,0,0
BRDA:125,15,1,0
BRDA:125,16,0,0
BRDA:125,16,1,0
BRDA:163,17,0,0
BRDA:163,18,0,0
BRDA:163,18,1,0
BRDA:163,19,0,0
BRDA:163,19,1,0
BRDA:182,20,0,0
BRDA:182,21,0,0
BRDA:182,21,1,0
BRDA:182,22,0,0
BRDA:182,22,1,0
BRDA:196,23,0,0
BRDA:196,24,0,0
BRDA:196,24,1,0
BRDA:196,25,0,0
BRDA:196,25,1,0
BRDA:210,26,0,0
BRDA:210,27,0,0
BRDA:210,27,1,0
BRDA:210,28,0,0
BRDA:210,28,1,0
BRF:47
BRH:0
end_of_record
TN:
SF:src\utils\cookie.ts
FN:1,getCookie
FN:13,setCookie
FN:45,deleteCookie
FNF:3
FNH:0
FNDA:0,getCookie
FNDA:0,setCookie
FNDA:0,deleteCookie
DA:1,4
DA:2,0
DA:10,0
DA:13,4
DA:16,0
DA:18,0
DA:23,0
DA:24,0
DA:25,0
DA:26,0
DA:27,0
DA:30,0
DA:31,0
DA:33,0
DA:34,0
DA:35,0
DA:36,0
DA:37,0
DA:38,0
DA:39,0
DA:42,0
DA:45,4
DA:46,0
LF:23
LH:3
BRDA:10,0,0,0
BRDA:10,0,1,0
BRDA:16,1,0,0
BRDA:24,2,0,0
BRDA:24,3,0,0
BRDA:24,3,1,0
BRDA:30,4,0,0
BRDA:30,5,0,0
BRDA:30,5,1,0
BRDA:38,6,0,0
BRF:10
BRH:0
end_of_record
